-------------------------------------------------------------------------------
Test set: TestSuite
-------------------------------------------------------------------------------
Tests run: 2, Failures: 1, Errors: 0, Skipped: 0, Time elapsed: 12.368 s <<< FAILURE! - in TestSuite
login(automation.NewTest)  Time elapsed: 0.439 s  <<< FAILURE!
java.lang.AssertionError: expected [OUR PROJECTS] but found []
	at automation.NewTest.login(NewTest.java:41)

