<?xml version="1.0" encoding="UTF-8"?>
<testng-results skipped="0" failed="0" ignored="0" total="2" passed="2">
  <reporter-output>
  </reporter-output>
  <suite name="Suite" duration-ms="15162" started-at="2020-06-24T02:12:52 IST" finished-at="2020-06-24T02:13:07 IST">
    <groups>
    </groups>
    <test name="Test" duration-ms="15162" started-at="2020-06-24T02:12:52 IST" finished-at="2020-06-24T02:13:07 IST">
      <class name="automation.NewTest">
        <test-method status="PASS" signature="initialize()[pri:0, instance:automation.NewTest@fa49800]" name="initialize" is-config="true" duration-ms="8942" started-at="2020-06-24T02:12:52 IST" finished-at="2020-06-24T02:13:01 IST">
          <reporter-output>
          </reporter-output>
        </test-method> <!-- initialize -->
        <test-method status="PASS" signature="ValidateTitle()[pri:0, instance:automation.NewTest@fa49800]" name="ValidateTitle" duration-ms="583" started-at="2020-06-24T02:13:01 IST" finished-at="2020-06-24T02:13:02 IST">
          <reporter-output>
          </reporter-output>
        </test-method> <!-- ValidateTitle -->
        <test-method status="PASS" signature="login()[pri:0, instance:automation.NewTest@fa49800]" name="login" duration-ms="3481" started-at="2020-06-24T02:13:02 IST" finished-at="2020-06-24T02:13:05 IST">
          <reporter-output>
          </reporter-output>
        </test-method> <!-- login -->
        <test-method status="PASS" signature="tearDown()[pri:0, instance:automation.NewTest@fa49800]" name="tearDown" is-config="true" duration-ms="1409" started-at="2020-06-24T02:13:06 IST" finished-at="2020-06-24T02:13:07 IST">
          <reporter-output>
          </reporter-output>
        </test-method> <!-- tearDown -->
      </class> <!-- automation.NewTest -->
    </test> <!-- Test -->
  </suite> <!-- Suite -->
</testng-results>
