<?xml version="1.0" encoding="UTF-8"?>
<testng-results skipped="0" failed="0" ignored="0" total="2" passed="2">
  <reporter-output>
  </reporter-output>
  <suite name="Suite" duration-ms="46358" started-at="2020-06-24T00:32:48 IST" finished-at="2020-06-24T00:33:34 IST">
    <groups>
    </groups>
    <test name="Test" duration-ms="46358" started-at="2020-06-24T00:32:48 IST" finished-at="2020-06-24T00:33:34 IST">
      <class name="automation.NewTest">
        <test-method status="PASS" signature="initialize()[pri:0, instance:automation.NewTest@31206beb]" name="initialize" is-config="true" duration-ms="40379" started-at="2020-06-24T00:32:48 IST" finished-at="2020-06-24T00:33:28 IST">
          <reporter-output>
          </reporter-output>
        </test-method> <!-- initialize -->
        <test-method status="PASS" signature="ValidateTitle()[pri:0, instance:automation.NewTest@31206beb]" name="ValidateTitle" duration-ms="799" started-at="2020-06-24T00:33:28 IST" finished-at="2020-06-24T00:33:29 IST">
          <reporter-output>
          </reporter-output>
        </test-method> <!-- ValidateTitle -->
        <test-method status="PASS" signature="login()[pri:0, instance:automation.NewTest@31206beb]" name="login" duration-ms="3390" started-at="2020-06-24T00:33:30 IST" finished-at="2020-06-24T00:33:33 IST">
          <reporter-output>
          </reporter-output>
        </test-method> <!-- login -->
        <test-method status="PASS" signature="tearDown()[pri:0, instance:automation.NewTest@31206beb]" name="tearDown" is-config="true" duration-ms="1111" started-at="2020-06-24T00:33:33 IST" finished-at="2020-06-24T00:33:34 IST">
          <reporter-output>
          </reporter-output>
        </test-method> <!-- tearDown -->
      </class> <!-- automation.NewTest -->
    </test> <!-- Test -->
  </suite> <!-- Suite -->
</testng-results>
